<?xml version="1.0"?>
<monkeyml version="1.0">
        <io_devices tag="IO Devices">
            <iodevice tag="LabJackU6" priority="" type="LabJackU6" 
            pulse_duration="juice" pulse_on="juice" 
            lever1="FIO1" 
            lever1_solenoid="MIO0"
            trial_laser_powerMw="tTrialLaserPowerMw"
            optic_device="optic_device"/>
            <iodevice tag="FakeMonkey" priority="" type="fake_monkey" id="" alt="" spike_rate="10"/>
            <iodevice type="serverside_conduit" tag="Server-side Event Conduit" resource_name="server_conduit"/>
        </io_devices>
        <variables tag="Variables">
            <folder tag="Behavioral Control">
                <variable tag="experimentXmlTrialId" scope="global" logging="when_changed" default_value="8" type="integer" persistant="1"/> <!-- n.b. it is forcibly set each trial below -->
                <variable tag="subjectNum" scope="global" logging="when_changed" default_value="0" type="integer" persistant="1" groups="Task Type"/>
                <variable tag="optic_device" scope="global" logging="when_changed" default_value="led" type="string"/>
                <variable tag="doConstantStimulus" scope="global" logging="when_changed" default_value="0" type="boolean" persistant="1" groups="Task Type"/>
                <variable tag="doITIStim" scope="global" logging="when_changed" default_value="0" type="boolean" persistant="1" groups="Task Type"/>
                <variable tag="doVisualStim" scope="global" logging="when_changed" default_value="1" type="boolean" persistant="1" groups="Task Type"/>      
                <variable tag="doOriDetect" scope="global" logging="when_changed" default_value="0" type="boolean" persistant="1" groups="Task Type"/>
                <variable tag="doContrastDetect" scope="global" logging="when_changed" default_value="1" type="boolean" persistant="1" groups="Task Type"/>
                <variable tag="doBlock2" scope="global" logging="when_changed" default_value="0" type="boolean" persistant="1" groups="Task Type"/>
                
                <variable tag="doCustomTargetTime" scope="global" logging="when_changed" default_value="0" type="boolean" persistant="1" groups="Task Type"/>
                <variable tag="doTrialLaser" scope="global" logging="when_changed" default_value="0" type="boolean" persistant="1" groups="Task Type"/>
                
                <variable tag="block2DoVisualStim" scope="global" logging="when_changed" default_value="1" type="boolean" persistant="1" groups="Block2"/>
                <variable tag="block2DoOriDetect" scope="global" logging="when_changed" default_value="0" type="boolean" persistant="1" groups="Block2"/>
                <variable tag="block2DoContrastDetect" scope="global" logging="when_changed" default_value="0" type="boolean" persistant="1" groups="Block2"/>           
                <variable tag="block2DoTrialLaser" scope="global" logging="when_changed" default_value="0" type="boolean" persistant="1" groups="Block2"/>
                
                <variable tag="itiTimeMs" scope="global" logging="when_changed" default_value="3000" type="integer" persistant="1" groups="Trial Structure"/>
                <variable tag="stimOnTimeMs" scope="global" logging="when_changed" default_value="500" type="integer" persistant="1" groups="Trial Structure"/>
                <variable tag="stimOffTimeMs" scope="global" logging="when_changed" default_value="500" type="integer" persistant="1" groups="Trial Structure"/>
                <variable tag="targetOnTimeMs" scope="global" logging="when_changed" default_value="500" type="integer" persistant="1" groups="Trial Structure"/>
                <variable tag="minCyclesOn" scope="global" logging="when_changed" default_value="1" type="integer" persistant="1" groups="Trial Structure"/>
                <variable tag="maxCyclesOn" scope="global" logging="when_changed" default_value="2" type="integer" persistant="1" groups="Trial Structure"/>
            </folder>
            <folder tag="Stimuli">
                <variable tag="baseGratingDirectionDeg" scope="global" logging="when_changed" default_value="0" type="integer" persistant="1" groups="Stimulus Parameters"/>
                <variable tag="baseGratingContrast" scope="global" logging="when_changed" default_value="0" type="integer" persistant="1" groups="Stimulus Parameters"/>
                <variable tag="gratingElevationDeg" scope="global" logging="when_changed" default_value="0" type="float" persistant="1" groups="Stimulus Parameters"/>
                <variable tag="gratingAzimuthDeg" scope="global" logging="when_changed" default_value="0" type="float" persistant="1" groups="Stimulus Parameters"/>
                <variable tag="gratingHeightDeg" scope="global" logging="when_changed" default_value="200" type="integer" persistant="1" groups="Stimulus Parameters"/>
                <variable tag="gratingWidthDeg" scope="global" logging="when_changed" default_value="200" type="integer" persistant="1" groups="Stimulus Parameters"/>
                <variable tag="gratingSpatialFreqCPD" scope="global" logging="when_changed" default_value="0.05" type="float" persistant="1" groups="Stimulus Parameters"/>
                <variable tag="gratingSpeedDPS" scope="global" logging="when_changed" default_value="0" type="integer" persistant="1" groups="Stimulus Parameters"/>
                <variable tag="gratingStartingPhaseDeg" scope="global" logging="when_changed" default_value="0" type="float" persistant="1" groups="Stimulus Parameters"/>
                <variable tag="trPer80Level1" scope="global" logging="when_changed" default_value="10" type="integer" persistant="1" groups="Stimulus Parameters"/>
                <variable tag="trPer80Level2" scope="global" logging="when_changed" default_value="10" type="integer" persistant="1" groups="Stimulus Parameters"/>
                <variable tag="trPer80Level3" scope="global" logging="when_changed" default_value="10" type="integer" persistant="1" groups="Stimulus Parameters"/>
                <variable tag="trPer80Level4" scope="global" logging="when_changed" default_value="10" type="integer" persistant="1" groups="Stimulus Parameters"/>
                <variable tag="trPer80Level5" scope="global" logging="when_changed" default_value="10" type="integer" persistant="1" groups="Stimulus Parameters"/>
                <variable tag="trPer80Level6" scope="global" logging="when_changed" default_value="10" type="integer" persistant="1" groups="Stimulus Parameters"/>
                <variable tag="trPer80Level7" scope="global" logging="when_changed" default_value="10" type="integer" persistant="1" groups="Stimulus Parameters"/>
                <variable tag="trPer80Level8" scope="global" logging="when_changed" default_value="10" type="integer" persistant="1" groups="Stimulus Parameters"/>

                <!-- stimulus control parameters -->
                <variable tag="gratingMaxContrastStep" scope="global" logging="when_changed" default_value="1" type="float" persistant="1" groups="Stimulus Parameters"/>
                <variable tag="gratingContrastStepsPerOctave" scope="global" logging="when_changed" default_value="0" type="float" persistant="1" groups="Stimulus Parameters"/>
                <variable tag="gratingMaxDirectionStepDeg" scope="global" logging="when_changed" default_value="10" type="float" persistant="1" groups="Stimulus Parameters"/>
                <variable tag="gratingDirectionStepsPerOctave" scope="global" logging="when_changed" default_value="0" type="float" persistant="1" groups="Stimulus Parameters"/>

                <variable tag="trialLaserPowerMw" scope="global" logging="when_changed" default_value="0" type="float" persistant="1" groups="Laser"/>
            
                <!-- block 2 control -->

                <variable tag="doBlock2SeparateOdds" scope="global" logging="when_changed" default_value="0" type="boolean" persistant="1" groups="Block2 Stimulus"/>
                <variable tag="block2TrPer80Level1" scope="global" logging="when_changed" default_value="0" type="integer" persistant="1" groups="Block2 Stimulus"/>
                <variable tag="block2TrPer80Level2" scope="global" logging="when_changed" default_value="0" type="integer" persistant="1" groups="Block2 Stimulus"/>
                <variable tag="block2TrPer80Level3" scope="global" logging="when_changed" default_value="0" type="integer" persistant="1" groups="Block2 Stimulus"/>
                <variable tag="block2TrPer80Level4" scope="global" logging="when_changed" default_value="0" type="integer" persistant="1" groups="Block2 Stimulus"/>
                <variable tag="block2TrPer80Level5" scope="global" logging="when_changed" default_value="0" type="integer" persistant="1" groups="Block2 Stimulus"/>
                <variable tag="block2TrPer80Level6" scope="global" logging="when_changed" default_value="0" type="integer" persistant="1" groups="Block2 Stimulus"/>
                <variable tag="block2TrPer80Level7" scope="global" logging="when_changed" default_value="0" type="integer" persistant="1" groups="Block2 Stimulus"/>
                <variable tag="block2TrPer80Level8" scope="global" logging="when_changed" default_value="0" type="integer" persistant="1" groups="Block2 Stimulus"/>

                <variable tag="block2GratingElevationDeg" scope="global" logging="when_changed" default_value="0" type="float" persistant="1" groups="Block2 Stimulus"/>
                <variable tag="block2GratingAzimuthDeg" scope="global" logging="when_changed" default_value="0" type="float" persistant="1" groups="Block2 Stimulus"/>
                <variable tag="block2GratingHeightDeg" scope="global" logging="when_changed" default_value="0" type="float" persistant="1" groups="Block2 Stimulus"/>
                <variable tag="block2GratingWidthDeg" scope="global" logging="when_changed" default_value="0" type="float" persistant="1" groups="Block2 Stimulus"/>
                <variable tag="block2GratingSpatialFreqCPD" scope="global" logging="when_changed" default_value="0" type="float" persistant="1" groups="Block2 Stimulus"/>
                <variable tag="block2GratingSpeedDPS" scope="global" logging="when_changed" default_value="0" type="float" persistant="1" groups="Block2 Stimulus"/>
                <variable tag="block2BaseGratingContrast" scope="global" logging="when_changed" default_value="0" type="float" persistant="1" groups="Block2 Stimulus"/>
                <variable tag="block2BaseGratingDirectionDeg" scope="global" logging="when_changed" default_value="0" type="float" persistant="1" groups="Block2 Stimulus"/>
                
                <variable tag="block2GratingMaxContrastStep" scope="global" logging="when_changed" default_value="1" type="float" persistant="1" groups="Block2 Stimulus"/>
                <variable tag="block2GratingContrastStepsPerOctave" scope="global" logging="when_changed" default_value="0" type="float" persistant="1" groups="Block2 Stimulus"/>
                <variable tag="block2GratingMaxDirectionStepDeg" scope="global" logging="when_changed" default_value="10" type="float" persistant="1" groups="Block2 Stimulus"/>
                <variable tag="block2GratingDirectionStepsPerOctave" scope="global" logging="when_changed" default_value="0" type="float" persistant="1" groups="Block2 Stimulus"/>
                
                <variable tag="block2TrialLaserPowerMw" scope="global" logging="when_changed" default_value="0" type="float" persistant="1" groups="Block2 Laser"/>
            
                <variable tag="photoStimulusContrast" scope="global" logging="when_changed" default_value="0" type="float" persistant="1" groups="Photodiode Variables"/>
                <variable tag="photoStimulusAzimuth" scope="global" logging="when_changed" default_value="0" type="integer" persistant="1" groups="Photodiode Variables"/>
                <variable tag="photoStimulusElevation" scope="global" logging="when_changed" default_value="0" type="integer" persistant="1" groups="Photodiode Variables"/>
                <variable tag="photoStimulusWidth" scope="global" logging="when_changed" default_value="0" type="integer" persistant="1" groups="Photodiode Variables"/>
                <variable tag="photoStimulusHeight" scope="global" logging="when_changed" default_value="0" type="integer" persistant="1" groups="Photodiode Variables"/>
                <variable tag="photoMaskSpatialFreq" scope="global" logging="when_changed" default_value="0" type="float" persistant="1" groups="Photodiode Variables"/>
            </folder>  
            
        
            <folder tag="Online Display">
                <variable tag="sync" scope="global" logging="when_changed" default_value="0" type="integer"/>
            </folder>
            <folder tag="Hardware variables">
                <variable tag="FIO1" full_name="FIO1" default_value="0" scope="GLOBAL" type="INTEGER" editable="never" logging="when_changed"/>
                <variable tag="MIO0" full_name="MIO0" default_value="0" scope="GLOBAL" type="boolean" editable="never" logging="when_changed"/>
                <variable tag="juice" full_name="juice" scope="GLOBAL" logging="when_changed" default_value="0" type="integer" groups="Reward"/>
                <variable tag="sendSerialParams" scope="global" logging="when_changed" default_value="0" type="integer" persistant="0"/>
            </folder>
            <folder tag="Internal Variables">
            
                <variable tag="tItiWaitTimeMs" scope="global" logging="when_changed" default_value="0" type="integer"/>
           
                <variable tag="tTempStimOdds" scope="global" logging="when_changed" default_value="0" type="integer" persistant="0"/>
                <variable tag="tStimulusNumber" scope="global" logging="when_changed" default_value="0" type="integer" persistant="0"/>
                <variable tag="tSvStimNumber" scope="global" logging="when_changed" default_value="0" type="integer" persistant="0"/>

                <variable tag="tBaseGratingContrast" scope="global" logging="when_changed" default_value="0" type="float" persistant="0"/>
                <variable tag="tBaseGratingDirectionDeg" scope="global" logging="when_changed" default_value="0" type="float" persistant="0"/>
                
                <variable tag="tGratingMaxContrastStep" scope="global" logging="when_changed" default_value="0" type="float" persistant="0"/>
                <variable tag="tGratingContrastStepsPerOctave" scope="global" logging="when_changed" default_value="1" type="float" persistant="0"/>
                <variable tag="tGratingMaxDirectionStepDeg" scope="global" logging="when_changed" default_value="0" type="float" persistant="0"/>
                <variable tag="tGratingDirectionStepsPerOctave" scope="global" logging="when_changed" default_value="1" type="float" persistant="0"/>

                <variable tag="tGratingDirectionDeg" scope="global" logging="when_changed" default_value="0" type="float" persistant="0"/>
                <variable tag="tGratingContrast" scope="global" logging="when_changed" default_value="0" type="float" persistant="0"/>
                <variable tag="tGratingElevationDeg" scope="global" logging="when_changed" default_value="0" type="float" persistant="0"/>
                <variable tag="tGratingAzimuthDeg" scope="global" logging="when_changed" default_value="0" type="float" persistant="0"/>
                <variable tag="tGratingHeightDeg" scope="global" logging="when_changed" default_value="0" type="float" persistant="0"/>
                <variable tag="tGratingWidthDeg" scope="global" logging="when_changed" default_value="0" type="float" persistant="0"/>
                <variable tag="tGratingSpatialFreqCPD" scope="global" logging="when_changed" default_value="0" type="float" persistant="0"/>
                <variable tag="tGratingSpeedDPS" scope="global" logging="when_changed" default_value="0" type="float" persistant="0"/>

                <variable tag="tDoContrastDetect" scope="global" logging="when_changed" default_value="0" type="boolean" persistant="0"/>
                <variable tag="tDoOriDetect" scope="global" logging="when_changed" default_value="0" type="boolean" persistant="0"/>
                
            
                
                <variable tag="tTrialLaserPowerMw" scope="global" logging="when_changed" default_value="0" type="float" persistant="0"/>
                <variable tag="tTrialLaserPowerMw_trigger" scope="global" logging="when_changed" default_value="0" type="float" persistant="0"/>
            
                <variable tag="tBlock2TrialNumber" scope="global" logging="when_changed" default_value="0" type="integer" persistant="0"/>
      
                <variable tag="trials" scope="global" logging="when_changed" default_value="1" type="integer" persistant="0"/>
                <variable tag="nCyclesOn" scope="global" logging="when_changed" default_value="0" type="integer" persistant="0"/>
                <variable tag="tCyclesOn" scope="global" logging="when_changed" default_value="0" type="integer" persistant="0"/>

                <variable tag="tNStimAccepted" scope="global" logging="when_changed" default_value="0" type="integer" persistant="0"/>
                <variable type="selection" tag="svStimNumber" values="0,1,2,3,4,5,6,7,8,9,10,11,12,13,14,15,16,17,18,19,20,21,22,23,24,25,26,27,28,29,30,31,32,33,34,35,36,37,38,39,40,41,42,43,44,45,46,47,48,49,50,51,52,53,54,55,56,57,58,59,60,61,62,63,64,65,66,67,68,69,70,71,72,73,74,75,76,77,78,79"
                selection="random_without_replacement" nsamples="80" sampling_method="samples"/>
            </folder>
        </variables>
        
        <stimuli tag="Stimuli">
            <stimulus type="blank_screen" tag="background" color="0,0,0"/>
            <stimulus type="drifting_grating" tag="base_grating"  direction="0" starting_phase="gratingStartingPhaseDeg" 
                spatial_frequency="tGratingSpatialFreqCPD" 
                speed="tGratingSpeedDPS" 
                grating_type="sinusoid" mask="gaussian" std_dev="0.3" mean="0.1" 
                x_size="tGratingWidthDeg" y_size="tGratingHeightDeg" 
                x_position="tGratingAzimuthDeg" y_position="tGratingElevationDeg" 
                rotation="tBaseGratingDirectionDeg" 
                alpha_multiplier="tBaseGratingContrast"/>
            <stimulus type="drifting_Grating" tag="target_grating"  direction="0" starting_phase="gratingStartingPhaseDeg" 
                spatial_frequency="tGratingSpatialFreqCPD" 
                speed="tGratingSpeedDPS" 
                grating_type="sinusoid" mask="gaussian" std_dev="0.3" mean="0.1" 
                x_size="tGratingWidthDeg" y_size="tGratingHeightDeg" 
                x_position="tGratingAzimuthDeg" y_position="tGratingElevationDeg" 
                rotation="tGratingDirectionDeg" 
                alpha_multiplier="tGratingContrast"/>
            <stimulus type="drifting_grating" tag="photoDiodeGrating"  direction="0" starting_phase="0"
                spatial_frequency=".000000000001" 
                speed="0" 
                grating_type="sinusoid" mask="gaussian" std_dev="0.3" mean="0.1" 
                x_size="photoStimulusWidth" y_size="photoStimulusHeight" 
                x_position="photoStimulusAzimuth" y_position="photoStimulusElevation" 
                rotation="0" 
                alpha_multiplier="photoStimulusContrast"/>
            <stimulus type="drifting_grating" tag="photoDiodeMask"  direction="0" starting_phase="1"
                spatial_frequency="photoMaskSpatialFreq" 
                speed="0" 
                grating_type="sinusoid" mask="gaussian" std_dev="0.3" mean="0.1" 
                x_size="photoStimulusWidth" y_size="photoStimulusHeight" 
                x_position="photoStimulusAzimuth" y_position="photoStimulusElevation" 
                rotation="0" 
                alpha_multiplier="1"/>
            <stimulus type="rectangle" tag="rect_base" color="1,1,1" 
                x_size="tGratingWidthDeg" y_size="tGratingHeightDeg" 
                x_position="tGratingAzimuthDeg" y_position="tGratingElevationDeg" 
                rotation="" alpha_multiplier="1"/>
            <stimulus type="rectangle" tag="photo_base" color="1,1,1" 
                x_size="photoStimulusWidth" y_size="photoStimulusHeight" 
                x_position="photoStimulusAzimuth" y_position="photoStimulusElevation" 
                rotation="" alpha_multiplier="1"/>            
        </stimuli>

    <experiment tag="Experiment" full_name="">
        <protocol tag="JuiceOnHoldProtocol" full_name="" selection="sequential" nsamples="1" sampling_method="cycles" description="" interruptible="YES">
                <!-- init actions run only on first trial after loading experiment -->
                       
                <action type="report" message="**** First trial since experiment load - initializing"/>

                <!-- reset selection var -->
                <action type="reset_selection" selection="svStimNumber"/>
                        
                <action type="assignment" variable="tNStimAccepted" value="0"/> 
                
                <action tag="Start IO Device" type="start_device_IO" device="LabJackU6"/>

                <trial tag="Trial 01" nsamples="2500" sampling_method="cycles" selection="sequential">
                    <task_system tag="TS" full_name="TS" interruptable="YES" description="" interruptible="YES" _error="Task Systems must contain >=1 transition that yields to parent">
                        <task_system_state tag="Initialization" interruptible="YES">
                            <action type="queue_stimulus" stimulus="background"></action>
                            <action type="update_stimulus_display" tag="-"></action> 
                            <action type="assignment" tag="Sync Matlab" variable="sync" value="1"/>

                            <!-- In this state, do all stimulus selection/tValue setting -->
                            <action type="report" message="Initializing Trial"/>
                            <!-- Reset t_____RemainingOn/Off to 0ms -->      
                            <action type="assignment" tag="Reset tCyclesOn" variable="tCyclesOn" value="0"/>
                            <action type="assignment" tag="Set nCyclesOn between min and maxCyclesOn" variable="nCyclesOn" value="(int)rand(minCyclesOn, (maxCyclesOn+1))"/>


                            <!--
                            <action tag="Queue Stimulus" type="live_queue_stimulus" stimulus="photoDiodeMask"/>
                            <action type="play_dynamic_stimulus" stimulus="photoDiodeMask" tag="StimOn"></action>
                            <action type="update_stimulus_display" tag="justincase"/>
                            -->

                            

                            <action type="assignment" variable="experimentXmlTrialId" value="8"/>

                            <!-- choose correct stimulus number based on odds; block2 tr number does not get assigned if ! doBlock2 -->
                            <action type="assignment" variable="tSvStimNumber" value="svStimNumber"/>  <!-- choose a value from selection var, 0-origin -->
                            <action type="assignment" variable="tTempStimOdds" value="0"/>  <!-- this variable exists only for code clarity below -->

                            <!-- level 1 -->                         
                            <action type="if" condition="tSvStimNumber >= tTempStimOdds &amp;&amp; (tSvStimNumber &lt; (tTempStimOdds+trPer80Level1))"> 
                                <action type="assignment" variable="tStimulusNumber" value="0"/> 
                                <action type="if" condition="doBlock2 &amp;&amp; !doBlock2SeparateOdds">
                                    <action type="assignment" variable="tBlock2TrialNumber" value="(int)((tSvStimNumber-tTempStimOdds) &lt;= (((int)trPer80Level1-1)/2))"/>  
                                </action>
                                <action type="if" condition="doBlock2 &amp;&amp; doBlock2SeparateOdds">
                                    <action type="assignment" variable="tBlock2TrialNumber" value="0"/>         
                                </action>
                                <action type="if" condition="!doBlock2">
                                    <action type="assignment" variable="tBlock2TrialNumber" value="0"/>         
                                </action>
                            </action>

                            <action type="assignment" variable="tTempStimOdds" value="tTempStimOdds + trPer80Level1"/>
                            <!-- level 1b: b2 sep odds on -->                         
                            <action type="if" condition="doBlock2 &amp;&amp; doBlock2SeparateOdds">
                                <action type="if" condition="tSvStimNumber >= tTempStimOdds &amp;&amp; (tSvStimNumber &lt; (tTempStimOdds+block2TrPer80Level1))"> 
                                    <action type="assignment" variable="tStimulusNumber" value="0"/> 
                                    <action type="assignment" variable="tBlock2TrialNumber" value="1"/>        
                                </action>
                                <action type="assignment" variable="tTempStimOdds" value="tTempStimOdds + block2TrPer80Level1"/>
                            </action>



                            <!-- level 2 -->                         
                            <action type="if" condition="tSvStimNumber >= tTempStimOdds &amp;&amp; (tSvStimNumber &lt; (tTempStimOdds+trPer80Level2))"> 
                                <action type="assignment" variable="tStimulusNumber" value="1"/> 
                                <action type="if" condition="doBlock2 &amp;&amp; !doBlock2SeparateOdds">
                                    <action type="assignment" variable="tBlock2TrialNumber" value="(int)((tSvStimNumber-tTempStimOdds) &lt;= (((int)trPer80Level2-1)/2))"/>
                                </action>
                                <action type="if" condition="doBlock2 &amp;&amp; doBlock2SeparateOdds">
                                    <action type="assignment" variable="tBlock2TrialNumber" value="0"/>         
                                </action>
                                <action type="if" condition="!doBlock2">
                                    <action type="assignment" variable="tBlock2TrialNumber" value="0"/>         
                                </action>
                            </action>
                            <action type="assignment" variable="tTempStimOdds" value="tTempStimOdds + trPer80Level2"/>
                            <!-- level 2b: b2 sep odds on -->                         
                            <action type="if" condition="doBlock2 &amp;&amp; doBlock2SeparateOdds">
                                <action type="if" condition="tSvStimNumber >= tTempStimOdds &amp;&amp; (tSvStimNumber &lt; (tTempStimOdds+block2TrPer80Level2))"> 
                                    <action type="assignment" variable="tStimulusNumber" value="1"/> 
                                    <action type="assignment" variable="tBlock2TrialNumber" value="1"/>         
                                </action>
                                <action type="assignment" variable="tTempStimOdds" value="tTempStimOdds + block2TrPer80Level2"/>
                            </action>


                            <!-- level3 -->                         
                            <action type="if" condition="tSvStimNumber >= tTempStimOdds &amp;&amp; (tSvStimNumber &lt; (tTempStimOdds+trPer80Level3))"> 
                                <action type="assignment" variable="tStimulusNumber" value="2"/> 
                                <action type="if" condition="doBlock2 &amp;&amp; !doBlock2SeparateOdds">
                                    <action type="assignment" variable="tBlock2TrialNumber" value="(int)((tSvStimNumber-tTempStimOdds) &lt;= (((int)trPer80Level3-1)/2))"/>
                                </action>
                                <action type="if" condition="doBlock2 &amp;&amp; doBlock2SeparateOdds">
                                    <action type="assignment" variable="tBlock2TrialNumber" value="0"/>         
                                </action>
                                <action type="if" condition="!doBlock2">
                                    <action type="assignment" variable="tBlock2TrialNumber" value="0"/>         
                                </action>
                            </action>
                            <action type="assignment" variable="tTempStimOdds" value="tTempStimOdds + trPer80Level3"/>
                            <!-- level3b: b2 sep odds on -->                         
                            <action type="if" condition="doBlock2 &amp;&amp; doBlock2SeparateOdds">
                                <action type="if" condition="tSvStimNumber >= tTempStimOdds &amp;&amp; (tSvStimNumber &lt; (tTempStimOdds+block2TrPer80Level3))"> 
                                    <action type="assignment" variable="tStimulusNumber" value="2"/> 
                                    <action type="assignment" variable="tBlock2TrialNumber" value="1"/>
                                </action>
                                <action type="assignment" variable="tTempStimOdds" value="tTempStimOdds + block2TrPer80Level3"/>
                            </action>


                            <!-- level4 -->                         
                            <action type="if" condition="tSvStimNumber >= tTempStimOdds &amp;&amp; (tSvStimNumber &lt; (tTempStimOdds+trPer80Level4))"> 
                                <action type="assignment" variable="tStimulusNumber" value="3"/> 
                                <action type="if" condition="doBlock2 &amp;&amp; !doBlock2SeparateOdds">
                                    <action type="assignment" variable="tBlock2TrialNumber" value="(int)((tSvStimNumber-tTempStimOdds) &lt;= (((int)trPer80Level4-1)/2))"/>
                                </action>
                                <action type="if" condition="doBlock2 &amp;&amp; doBlock2SeparateOdds">
                                    <action type="assignment" variable="tBlock2TrialNumber" value="0"/>         
                                </action>
                                <action type="if" condition="!doBlock2">
                                    <action type="assignment" variable="tBlock2TrialNumber" value="0"/>         
                                </action>
                            </action>
                            <action type="assignment" variable="tTempStimOdds" value="tTempStimOdds + trPer80Level4"/>
                            <!-- level4b: b2 sep odds on -->                         
                            <action type="if" condition="doBlock2 &amp;&amp; doBlock2SeparateOdds">
                                <action type="if" condition="tSvStimNumber >= tTempStimOdds &amp;&amp; (tSvStimNumber &lt; (tTempStimOdds+block2TrPer80Level4))"> 
                                    <action type="assignment" variable="tStimulusNumber" value="3"/> 
                                    <action type="assignment" variable="tBlock2TrialNumber" value="1"/>        
                                </action>
                                <action type="assignment" variable="tTempStimOdds" value="tTempStimOdds + block2TrPer80Level4"/>
                            </action>


                            <!-- level5 -->                         
                            <action type="if" condition="tSvStimNumber >= tTempStimOdds &amp;&amp; (tSvStimNumber &lt; (tTempStimOdds+trPer80Level5))"> 
                                <action type="assignment" variable="tStimulusNumber" value="4"/> 
                                <action type="if" condition="doBlock2 &amp;&amp; !doBlock2SeparateOdds">
                                    <action type="assignment" variable="tBlock2TrialNumber" value="(int)((tSvStimNumber-tTempStimOdds) &lt;= (((int)trPer80Level5-1)/2))"/>
                                </action>
                                <action type="if" condition="doBlock2 &amp;&amp; doBlock2SeparateOdds">
                                    <action type="assignment" variable="tBlock2TrialNumber" value="0"/>         
                                </action>
                                <action type="if" condition="!doBlock2">
                                    <action type="assignment" variable="tBlock2TrialNumber" value="0"/>         
                                </action>
                            </action>
                            <action type="assignment" variable="tTempStimOdds" value="tTempStimOdds + trPer80Level5"/>
                            <!-- level5b: b2 sep odds on -->                         
                            <action type="if" condition="doBlock2 &amp;&amp; doBlock2SeparateOdds">
                                <action type="if" condition="tSvStimNumber >= tTempStimOdds &amp;&amp; (tSvStimNumber &lt; (tTempStimOdds+block2TrPer80Level5))"> 
                                    <action type="assignment" variable="tStimulusNumber" value="4"/> 
                                    <action type="assignment" variable="tBlock2TrialNumber" value="1"/>        
                                </action>
                                <action type="assignment" variable="tTempStimOdds" value="tTempStimOdds + block2TrPer80Level5"/>
                            </action>


                            <!-- level6 -->                         
                            <action type="if" condition="tSvStimNumber >= tTempStimOdds &amp;&amp; (tSvStimNumber &lt; (tTempStimOdds+trPer80Level6))"> 
                                <action type="assignment" variable="tStimulusNumber" value="5"/> 
                                <action type="if" condition="doBlock2 &amp;&amp; !doBlock2SeparateOdds">
                                    <action type="assignment" variable="tBlock2TrialNumber" value="(int)((tSvStimNumber-tTempStimOdds) &lt;= (((int)trPer80Level6-1)/2))"/>
                                </action>
                                <action type="if" condition="doBlock2 &amp;&amp; doBlock2SeparateOdds">
                                    <action type="assignment" variable="tBlock2TrialNumber" value="0"/>         
                                </action>
                                <action type="if" condition="!doBlock2">
                                    <action type="assignment" variable="tBlock2TrialNumber" value="0"/>         
                                </action>
                            </action>
                            <action type="assignment" variable="tTempStimOdds" value="tTempStimOdds + trPer80Level6"/>
                            <!-- level6b: b2 sep odds on -->                         
                            <action type="if" condition="doBlock2 &amp;&amp; doBlock2SeparateOdds">
                                <action type="if" condition="tSvStimNumber >= tTempStimOdds &amp;&amp; (tSvStimNumber &lt; (tTempStimOdds+block2TrPer80Level6))"> 
                                    <action type="assignment" variable="tStimulusNumber" value="5"/> 
                                    <action type="assignment" variable="tBlock2TrialNumber" value="1"/>        
                                </action>
                                <action type="assignment" variable="tTempStimOdds" value="tTempStimOdds + block2TrPer80Level6"/>
                            </action>


                            <!-- level7 -->                         
                            <action type="if" condition="tSvStimNumber >= tTempStimOdds &amp;&amp; (tSvStimNumber &lt; (tTempStimOdds+trPer80Level7))"> 
                                <action type="assignment" variable="tStimulusNumber" value="6"/> 
                                <action type="if" condition="doBlock2 &amp;&amp; !doBlock2SeparateOdds">
                                    <action type="assignment" variable="tBlock2TrialNumber" value="(int)((tSvStimNumber-tTempStimOdds) &lt;= (((int)trPer80Level7-1)/2))"/>
                                </action>
                                <action type="if" condition="doBlock2 &amp;&amp; doBlock2SeparateOdds">
                                    <action type="assignment" variable="tBlock2TrialNumber" value="0"/>         
                                </action>
                                <action type="if" condition="!doBlock2">
                                    <action type="assignment" variable="tBlock2TrialNumber" value="0"/>         
                                </action>
                            </action>
                            <action type="assignment" variable="tTempStimOdds" value="tTempStimOdds + trPer80Level7"/>
                            <!-- level7b: b2 sep odds on -->                         
                            <action type="if" condition="doBlock2 &amp;&amp; doBlock2SeparateOdds">
                                <action type="if" condition="tSvStimNumber >= tTempStimOdds &amp;&amp; (tSvStimNumber &lt; (tTempStimOdds+block2TrPer80Level7))"> 
                                    <action type="assignment" variable="tStimulusNumber" value="6"/> 
                                    <action type="assignment" variable="tBlock2TrialNumber" value="1"/>        
                                </action>
                                <action type="assignment" variable="tTempStimOdds" value="tTempStimOdds + block2TrPer80Level7"/>
                            </action>


                            <!-- level8 -->                         
                            <action type="if" condition="tSvStimNumber >= tTempStimOdds &amp;&amp; (tSvStimNumber &lt; (tTempStimOdds+trPer80Level8))"> 
                                <action type="assignment" variable="tStimulusNumber" value="7"/> 
                                <action type="if" condition="doBlock2 &amp;&amp; !doBlock2SeparateOdds">
                                    <action type="assignment" variable="tBlock2TrialNumber" value="(int)((tSvStimNumber-tTempStimOdds) &lt;= (((int)trPer80Level8-1)/2))"/>
                                </action>
                                <action type="if" condition="doBlock2 &amp;&amp; doBlock2SeparateOdds">
                                    <action type="assignment" variable="tBlock2TrialNumber" value="0"/>         
                                </action>
                                <action type="if" condition="!doBlock2">
                                    <action type="assignment" variable="tBlock2TrialNumber" value="0"/>         
                                </action>
                            </action>
                            <action type="assignment" variable="tTempStimOdds" value="tTempStimOdds + trPer80Level8"/>
                            <!-- level8b: b2 sep odds on -->                         
                            <action type="if" condition="doBlock2 &amp;&amp; doBlock2SeparateOdds">
                                <action type="if" condition="tSvStimNumber >= tTempStimOdds &amp;&amp; (tSvStimNumber &lt; (tTempStimOdds+block2TrPer80Level8))"> 
                                    <action type="assignment" variable="tStimulusNumber" value="7"/> 
                                    <action type="assignment" variable="tBlock2TrialNumber" value="1"/>        
                                </action>
                                <action type="assignment" variable="tTempStimOdds" value="tTempStimOdds + block2TrPer80Level8"/>
                            </action>

                            <action type="if" condition="!doBlock2">
                                <action type="assignment" variable="tBaseGratingDirectionDeg" value="baseGratingDirectionDeg"/>
                                <action type="assignment" variable="tBaseGratingContrast" value="baseGratingContrast"/>
                                
                                <action type="assignment" variable="tGratingMaxContrastStep" value="gratingMaxContrastStep"></action>
                                <action type="assignment" variable="tGratingContrastStepsPerOctave" value="gratingContrastStepsPerOctave"></action>
                                <action type="assignment" variable="tGratingMaxDirectionStepDeg" value="gratingMaxDirectionStepDeg"></action>
                                <action type="assignment" variable="tGratingDirectionStepsPerOctave" value="gratingDirectionStepsPerOctave"></action>
                               
                           
                                <action type="assignment" variable="tGratingElevationDeg" value="gratingElevationDeg"/>                         
                                <action type="assignment" variable="tGratingAzimuthDeg" value="gratingAzimuthDeg"/>                             
                                <action type="assignment" variable="tGratingHeightDeg" value="gratingHeightDeg"/>                       
                                <action type="assignment" variable="tGratingWidthDeg" value="gratingWidthDeg"/>                         
                                <action type="assignment" variable="tGratingSpatialFreqCPD" value="gratingSpatialFreqCPD"/>                             
                                <action type="assignment" variable="tGratingSpeedDPS" value="gratingSpeedDPS"/>                         
                                <action type="assignment" variable="tDoOriDetect" value="doOriDetect"/>
                                <action type="assignment" variable="tDoContrastDetect" value="doContrastDetect"/>
                                
                                                                
                                
                                
                                                                
                                <action type="if" condition="doTrialLaser">
                                    <action type="assignment" variable="tTrialLaserPowerMw_trigger" value="trialLaserPowerMw"/>
                                </action>
                                <action type="if" condition="!doTrialLaser">
                                    <action type="assignment" variable="tTrialLaserPowerMw_trigger" value="0"/>
                                </action>  
                            </action>


                            <!-- grating appearance for block 2 -->                         
                            <action type="if" condition="doBlock2">
                                

                                    <!-- same for both types of block2 trials -->
                                    <action type="assignment" variable="tTrialLaserPowerMw_trigger" value="trialLaserPowerMw"/>      

                                    <action type="if" condition="tBlock2TrialNumber == 0">
                                        <action type="assignment" variable="tBaseGratingDirectionDeg" value="baseGratingDirectionDeg"/>
                                        <action type="assignment" variable="tBaseGratingContrast" value="baseGratingContrast"/>
                                        
                                        <action type="assignment" variable="tGratingMaxContrastStep" value="gratingMaxContrastStep"></action>
                                        <action type="assignment" variable="tGratingContrastStepsPerOctave" value="gratingContrastStepsPerOctave"></action>
                                        <action type="assignment" variable="tGratingMaxDirectionStepDeg" value="gratingMaxDirectionStepDeg"></action>
                                        <action type="assignment" variable="tGratingDirectionStepsPerOctave" value="gratingDirectionStepsPerOctave"></action>
                                                                                             
                                        <action type="assignment" variable="tGratingElevationDeg" value="gratingElevationDeg"/>                         
                                        <action type="assignment" variable="tGratingAzimuthDeg" value="gratingAzimuthDeg"/>                             
                                        <action type="assignment" variable="tGratingHeightDeg" value="gratingHeightDeg"/>                       
                                        <action type="assignment" variable="tGratingWidthDeg" value="gratingWidthDeg"/>                         
                                        <action type="assignment" variable="tGratingSpatialFreqCPD" value="gratingSpatialFreqCPD"/>                             
                                        <action type="assignment" variable="tGratingSpeedDPS" value="gratingSpeedDPS"/>                         
                                        <action type="assignment" variable="tDoOriDetect" value="doOriDetect"/>
                                        <action type="assignment" variable="tDoContrastDetect" value="doContrastDetect"/>
                                        
                                    </action>

                                    <action type="if" condition="tBlock2TrialNumber == 1">
                                        <action type="assignment" variable="tBaseGratingDirectionDeg" value="block2BaseGratingDirectionDeg"/>
                                        <action type="assignment" variable="tBaseGratingContrast" value="block2BaseGratingContrast"/>
                                        
                                        <action type="assignment" variable="tGratingMaxContrastStep" value="gratingMaxContrastStep"></action>
                                        <action type="assignment" variable="tGratingContrastStepsPerOctave" value="gratingContrastStepsPerOctave"></action>
                                        <action type="assignment" variable="tGratingMaxDirectionStepDeg" value="gratingMaxDirectionStepDeg"></action>
                                        <action type="assignment" variable="tGratingDirectionStepsPerOctave" value="gratingDirectionStepsPerOctave"></action>

                                        <action type="assignment" variable="tGratingElevationDeg" value="block2GratingElevationDeg"/>                           
                                        <action type="assignment" variable="tGratingAzimuthDeg" value="block2GratingAzimuthDeg"/>                       
                                        <action type="assignment" variable="tGratingHeightDeg" value="block2GratingHeightDeg"/>                         
                                        <action type="assignment" variable="tGratingWidthDeg" value="block2GratingWidthDeg"/>                           
                                        <action type="assignment" variable="tGratingSpatialFreqCPD" value="block2GratingSpatialFreqCPD"/>                       
                                        <action type="assignment" variable="tGratingSpeedDPS" value="block2GratingSpeedDPS"/>                           
                                        <action type="assignment" variable="tDoOriDetect" value="block2DoOriDetect"/>
                                        <action type="assignment" variable="tDoContrastDetect" value="block2DoContrastDetect"/>
                                                                
                                    </action>
                                
                            </action> 
                            <!-- using trial laser for block 1 -->
                            <action type="if" condition="doTrialLaser">
                                <action type="assignment" variable="tTrialLaserPowerMw_trigger" value="trialLaserPowerMw"/>
                            </action>
                            <action type="if" condition="!doTrialLaser">
                                <action type="assignment" variable="tTrialLaserPowerMw_trigger" value="0"/>
                            </action>  
                            <!-- using trial laser for block 2 -->
                            <action type="if" condition="block2DoTrialLaser">
        
                                <action type="if" condition="tBlock2TrialNumber == 0"> <!-- off -->
                                    <action type="assignment" variable="tGratingMaxContrastStep" value="gratingMaxContrastStep"></action>
                                    <action type="assignment" variable="tGratingContrastStepsPerOctave" value="gratingContrastStepsPerOctave"></action>
                                    <action type="assignment" variable="tGratingMaxDirectionStepDeg" value="gratingMaxDirectionStepDeg"></action>
                                    <action type="assignment" variable="tGratingDirectionStepsPerOctave" value="gratingDirectionStepsPerOctave"></action>
                                                                        
                                    <action type="if" condition="doTrialLaser">
                                        <action type="assignment" variable="tTrialLaserPowerMw_trigger" value="trialLaserPowerMw"/>
                                    </action>
                                    <action type="if" condition="doTrialLaser == 0">
                                        <action type="assignment" variable="tTrialLaserPowerMw_trigger" value="0"/>
                                    </action>
                                </action>

                                <action type="if" condition="tBlock2TrialNumber == 1"> <!-- on -->
                                    <action type="assignment" variable="tTrialLaserPowerMw_trigger" value="block2TrialLaserPowerMw"/>
                                    <action type="assignment" variable="tGratingMaxContrastStep" value="gratingMaxContrastStep"></action>
                                    <action type="assignment" variable="tGratingContrastStepsPerOctave" value="gratingContrastStepsPerOctave"></action>
                                    <action type="assignment" variable="tGratingMaxDirectionStepDeg" value="gratingMaxDirectionStepDeg"></action>
                                    <action type="assignment" variable="tGratingDirectionStepsPerOctave" value="gratingDirectionStepsPerOctave"></action>
                                
                                </action>

                                <!-- in both cases -->                        
                                <action type="assignment" variable="tGratingElevationDeg" value="gratingElevationDeg"/>                        
                                <action type="assignment" variable="tGratingAzimuthDeg" value="gratingAzimuthDeg"/>                       
                                <action type="assignment" variable="tGratingHeightDeg" value="gratingHeightDeg"/>                         
                                <action type="assignment" variable="tGratingWidthDeg" value="gratingWidthDeg"/>                           
                                <action type="assignment" variable="tGratingSpatialFreqCPD" value="gratingSpatialFreqCPD"/>                       
                                <action type="assignment" variable="tGratingSpeedDPS" value="gratingSpeedDPS"/>
                                <action type="assignment" variable="tBaseGratingDirectionDeg" value="baseGratingDirectionDeg"/>     
                                <action type="assignment" variable="tBaseGratingContrast" value="baseGratingContrast"/>   
                                <action type="assignment" variable="tDoOriDetect" value="doOriDetect"/>
                                <action type="assignment" variable="tDoContrastDetect" value="doContrastDetect"/>
                                
                            </action>


                            <action type="if" condition="tDoOriDetect">
                                <action type="assignment" variable="tGratingDirectionDeg" 
                                value="tBaseGratingDirectionDeg + (tGratingMaxDirectionStepDeg / (pow(2, tStimulusNumber/tGratingDirectionStepsPerOctave)))"></action> 
                                <action type="if" condition="!tDoContrastDetect">        
                                    <action type="assignment" variable="tGratingContrast" value="tBaseGratingContrast"/>
                                </action>  
                            </action>
                            <action type="if" condition="tDoContrastDetect">
                                <action type="assignment" variable="tGratingContrast" 
                                value="tBaseGratingContrast + (tGratingMaxContrastStep / (pow(2, 1.0*tStimulusNumber/tGratingContrastStepsPerOctave)))"></action> 
                                <action type="if" condition="!tDoOriDetect">
                                    <action type="assignment" variable="tGratingDirectionDeg" value="tBaseGratingDirectionDeg"/>
                                </action>  
                            </action>

              
                            <action type="report" message="tNStimAccepted == $tNStimAccepted, svStimN is $svStimNumber, tb2TrN is $tBlock2TrialNumber"/>

                            <!-- compute ITI time -->
                            <!-- initialize with a const value -->
                            <action type="assignment" variable="tItiWaitTimeMs" value="itiTimeMs"/>

                            
                            <transition type="direct" tag="" target="InterTrialInterval"/>
                        </task_system_state>


                        <task_system_state tag="InterTrialInterval" interruptible="YES">

                            <action type="start_timer" timer="InterTrialTimer" duration="tItiWaitTimeMs" timebase="" duration_units="ms" />

                            <action type="report" message="In ITI, waiting for $tItiWaitTimeMs ms, then waiting for press"/>                        
                            
                            <!--<action type="if" condition="(tTrialLaserPowerMw_trigger > 0) &amp;&amp; tCyclesOn == 0">
                                <action type="schedule" delay="(2000) ms" duration="50" repeats="1">
                                    <action type="assignment" variable="tTrialLaserPowerMw" value="tTrialLaserPowerMw_trigger"/> 
                                    <action type="report" message="LED is Triggerd"/>
                                </action>
                            </action>
                            -->
                            <transition type="timer_expired" tag="Start Trial" target="TrialStimOn" timer="InterTrialTimer"/>
                        </task_system_state>


                        <task_system_state tag="TrialStimOn" interruptble="YES">
                            <action type="if" condition="(tTrialLaserPowerMw_trigger > 0) &amp;&amp; tCyclesOn == 0">
                                
                                <action type="assignment" variable="tTrialLaserPowerMw" value="tTrialLaserPowerMw_trigger"/> 
                                <action type="report" message="----LED is Triggerd----"/>
                                
                            </action>
                            <action type="start_timer" timer="stimOnTimer" duration="stimOnTimeMs" timebase="" duration_units="ms"/>
                            <action type="assignment" variable="MIO0" value="1"/>
                            <!-- Vis Stim is queued -->
                            <!--<action type="if" condition="tCyclesOn &lt; nCyclesOn">
                                <action tag="Queue Stimulus" type="live_queue_stimulus" stimulus="base_grating"/> 
                                <action type="play_dynamic_stimulus" stimulus="base_grating" tag="StimOn"/>                 
                            </action>

                            <action type="if" condition="tCyclesOn == nCyclesOn">
                                <action tag="Queue Stimulus" type="live_queue_stimulus" stimulus="target_grating"/> 
                                <action type="play_dynamic_stimulus" stimulus="target_grating" tag="StimOn"/>                 
                            </action>

                            <action tag="Queue Stimulus" type="live_queue_stimulus" stimulus="photoDiodeGrating"/>
                            <action type="play_dynamic_stimulus" stimulus="photoDiodeGrating" tag="StimOn"/>
                            <action tag="Stop grating" type="stop_dynamic_stimulus" stimulus="photoDiodeMask"/>
                            <action tag="Dequeue Stimulus" type="dequeue_stimulus" stimulus="photoDiodeMask"/> 
                            -->

                            <action type="if" condition="tCyclesOn &lt; nCyclesOn">-->
                                <action tag="Queue Stimulus" type="queue_stimulus" stimulus="rect_base"/>              
                            </action>

                            <action type="if" condition="tCyclesOn == nCyclesOn">
                                <action tag="Queue Stimulus" type="queue_stimulus" stimulus="rect_base"/>               
                            </action>

                            <action tag="Queue Stimulus" type="queue_stimulus" stimulus="photo_base"/>
     
                            <action type="update_stimulus_display" tag="justincase"/>

                               

                            <action type="assignment" variable="tCyclesOn" value="tCyclesOn + 1"/>

                            
                            <transition type="timer_expired" tag="Dequeue Visual Stimulus" target="TrialStimOff" timer="stimOnTimer"/>
                        </task_system_state>

                        <task_system_state tag="TrialStimOff" interruptble="YES">
                            
                            <action type="start_timer" timer="stimOffTimer" duration="stimOffTimeMs" timebase="" duration_units="ms"/>
                            <action type="assignment" variable="MIO0" value="0"/>
                            <!--
                            <action type="if" condition="tCyclesOn &lt;= nCyclesOn">
                                <action tag="Stop grating" type="stop_dynamic_stimulus" stimulus="base_grating"/>
                                <action tag="Dequeue Stimulus" type="dequeue_stimulus" stimulus="base_grating"/>
                            </action>
                            
                            
                            <action type="if" condition="tCyclesOn &gt; nCyclesOn">
                                <action tag="Stop grating" type="stop_dynamic_stimulus" stimulus="target_grating"/>
                                <action tag="Dequeue Stimulus" type="dequeue_stimulus" stimulus="target_grating"/>
                            </action>
                            <action tag="Stop grating" type="stop_dynamic_stimulus" stimulus="photoDiodeMask"/>
                            <action tag="dequeue Stimulus" type="dequeue_stimulus" stimulus="photoDiodeGrating"/>
                            <action tag="Queue Stimulus" type="live_queue_stimulus" stimulus="photoDiodeMask"/>
                            <action type="play_dynamic_stimulus" stimulus="photoDiodeMask" tag="StimOn"></action>
                            -->

                            <action type="if" condition="tCyclesOn &lt;= nCyclesOn">
                                
                                <action tag="Dequeue Stimulus" type="dequeue_stimulus" stimulus="rect_base"/>
                            </action>
                            
                            
                            <action type="if" condition="tCyclesOn &gt; nCyclesOn">
                                
                                <action tag="Dequeue Stimulus" type="dequeue_stimulus" stimulus="rect_base"/>
                            </action>
                            
                            <action tag="dequeue Stimulus" type="dequeue_stimulus" stimulus="photo_base"/>
                            

                            <action type="update_stimulus_display" tag="justincase"/>

                            

                           
                            <transition type="conditional" tag="Queue Visual Stimulus" condition="(tCyclesOn &lt;= nCyclesOn) &amp;&amp; timerExpired(stimOffTimer)" target="TrialStimOn"/>
                            <transition type="conditional" tag="Move on to Target Stimulus Presentation" condition="(tCyclesOn &gt; nCyclesOn) &amp;&amp; timerExpired(stimOffTimer)" target="EndTrial"/>
                        </task_system_state>


                        <task_system_state tag="EndTrial" interruptble="YES">
                            <action type="assignment" variable="tTrialLaserPowerMw" value="0"/>
                            
                            <action type="report" message="Trial Ended"/>
                            <action type="assignment" variable="trials" value="trials+1"/>
                            <action type="assignment" tag="End Matlab Sync" variable="sync" value="0"/>
                            <transition_marker _unmoveable="1" tag="Transitions"></transition_marker>
                            <transition type="yield" tag="return to parent task system"/>
                        </task_system_state>
                    </task_system>
                </trial>
                <action tag="Stop IO Device" type="stop_device_IO" device="LabJackU6"/>
            </protocol>
    </experiment>
</monkeyml>